13:30:02 **** Incremental Build of configuration Debug for project tp3_windows ****
Info: Internal Builder is used for build
gcc "-LC:\\Users\\lanzo\\Desktop\\TP GIAN\\tp3_windows" -o tp3_windows.exe ".metadata\\.plugins\\org.eclipse.cdt.make.core\\specs.o" Controller.o Employee.o inputUtn.o main.o parser.o -lLinkedList 
13:30:10 **** Incremental Build of configuration Debug for project tp3_windows ****
Info: Internal Builder is used for build
gcc -O0 -g3 -Wall -c -fmessage-length=0 -o Employee.o "..\\Employee.c" 
gcc "-LC:\\Users\\lanzo\\Desktop\\TP GIAN\\tp3_windows" -o tp3_windows.exe ".metadata\\.plugins\\org.eclipse.cdt.make.core\\specs.o" Controller.o Employee.o inputUtn.o main.o parser.o -lLinkedList 
13:30:44 **** Incremental Build of configuration Debug for project tp3_windows ****
Info: Internal Builder is used for build
gcc -O0 -g3 -Wall -c -fmessage-length=0 -o Employee.o "..\\Employee.c" 
gcc "-LC:\\Users\\lanzo\\Desktop\\TP GIAN\\tp3_windows" -o tp3_windows.exe ".metadata\\.plugins\\org.eclipse.cdt.make.core\\specs.o" Controller.o Employee.o inputUtn.o main.o parser.o -lLinkedList 
13:31:50 **** Incremental Build of configuration Debug for project tp3_windows ****
Info: Internal Builder is used for build
gcc -O0 -g3 -Wall -c -fmessage-length=0 -o Controller.o "..\\Controller.c" 
gcc "-LC:\\Users\\lanzo\\Desktop\\TP GIAN\\tp3_windows" -o tp3_windows.exe ".metadata\\.plugins\\org.eclipse.cdt.make.core\\specs.o" Controller.o Employee.o inputUtn.o main.o parser.o -lLinkedList 
15:57:50 **** Incremental Build of configuration Debug for project tp3_windows ****
Info: Internal Builder is used for build
gcc -O0 -g3 -Wall -c -fmessage-length=0 -o Employee.o "..\\Employee.c" 
gcc "-LC:\\Users\\lanzo\\Desktop\\TP GIAN\\tp3_windows" -o tp3_windows.exe ".metadata\\.plugins\\org.eclipse.cdt.make.core\\specs.o" Controller.o Employee.o inputUtn.o main.o parser.o -lLinkedList 
16:04:03 **** Incremental Build of configuration Debug for project tp3_windows ****
Info: Internal Builder is used for build
gcc -O0 -g3 -Wall -c -fmessage-length=0 -o Employee.o "..\\Employee.c" 
gcc "-LC:\\Users\\lanzo\\Desktop\\TP GIAN\\tp3_windows" -o tp3_windows.exe ".metadata\\.plugins\\org.eclipse.cdt.make.core\\specs.o" Controller.o Employee.o inputUtn.o main.o parser.o -lLinkedList 
16:04:50 **** Incremental Build of configuration Debug for project tp3_windows ****
Info: Internal Builder is used for build
gcc -O0 -g3 -Wall -c -fmessage-length=0 -o Employee.o "..\\Employee.c" 
gcc "-LC:\\Users\\lanzo\\Desktop\\TP GIAN\\tp3_windows" -o tp3_windows.exe ".metadata\\.plugins\\org.eclipse.cdt.make.core\\specs.o" Controller.o Employee.o inputUtn.o main.o parser.o -lLinkedList 
16:05:09 **** Incremental Build of configuration Debug for project tp3_windows ****
Info: Internal Builder is used for build
gcc -O0 -g3 -Wall -c -fmessage-length=0 -o Employee.o "..\\Employee.c" 
gcc "-LC:\\Users\\lanzo\\Desktop\\TP GIAN\\tp3_windows" -o tp3_windows.exe ".metadata\\.plugins\\org.eclipse.cdt.make.core\\specs.o" Controller.o Employee.o inputUtn.o main.o parser.o -lLinkedList 
16:05:32 **** Incremental Build of configuration Debug for project tp3_windows ****
Info: Internal Builder is used for build
gcc -O0 -g3 -Wall -c -fmessage-length=0 -o Employee.o "..\\Employee.c" 
gcc "-LC:\\Users\\lanzo\\Desktop\\TP GIAN\\tp3_windows" -o tp3_windows.exe ".metadata\\.plugins\\org.eclipse.cdt.make.core\\specs.o" Controller.o Employee.o inputUtn.o main.o parser.o -lLinkedList 
